Построение начато 13.10.2019 17:52:20.
     1>Проект "C:\Users\VAX\Documents\Visual Studio 2010\Projects\engine\SDK\source\libvorbis-1.3.6\win32\VS2010\vorbisdec\vorbisdec_static.vcxproj" в узле 2 (целевые объекты build).
     1>InitializeBuildStatus:
         Создание "Win32\Release\vorbisdec.unsuccessfulbuild", так как было задано "AlwaysCreate".
       ClCompile:
         E:\VS2010\VC\bin\CL.exe /c /I..\..\..\include /I..\..\..\..\libogg\include /I"..\..\..\..\libogg-1.3.2\include" /I..\..\..\..\libogg\include /I..\..\..\..\..\..\..\core\ogg\libogg\include /Zi /nologo /W4 /WX- /Ox /Ob2 /Oi /Ot /Oy- /GL /D WIN32 /D NDEBUG /D _CONSOLE /D _VC80_UPGRADE=0x0710 /D _UNICODE /D UNICODE /GF /Gm- /MD /GS- /fp:precise /Zc:wchar_t /Zc:forScope /Fo"Win32\Release\\" /Fd"Win32\Release\vc100.pdb" /Gd /TC /analyze- /errorReport:prompt ..\..\..\examples\decoder_example.c
         decoder_example.c
     1>..\..\..\examples\decoder_example.c(78): warning C4127: условное выражение является константой
     1>..\..\..\examples\decoder_example.c(218): warning C4127: условное выражение является константой
     1>..\..\..\examples\decoder_example.c(250): warning C4244: инициализация: преобразование "double" в "int", возможна потеря данных
     1>..\..\..\examples\decoder_example.c(263): warning C4244: =: преобразование "int" в "ogg_int16_t", возможна потеря данных
     1>C:\Program Files (x86)\MSBuild\Microsoft.Cpp\v4.0\Microsoft.CppBuild.targets(990,5): warning MSB8012: TargetPath(C:\Users\VAX\Documents\Visual Studio 2010\Projects\engine\SDK\source\libvorbis-1.3.6\win32\VS2010\Win32\Release\vorbisdec.exe) не соответствует значению свойства выходного файла (C:\Users\VAX\Documents\Visual Studio 2010\Projects\engine\SDK\source\libvorbis-1.3.6\win32\VS2010\Win32\Release\vorbisdec_static.exe) для Linker. Это может привести к неправильному построению проекта. Чтобы исправить это, убедитесь, что значения свойств $(OutDir), $(TargetName) и $(TargetExt) соответствуют значению, указанному в %(Link.OutputFile).
     1>C:\Program Files (x86)\MSBuild\Microsoft.Cpp\v4.0\Microsoft.CppBuild.targets(992,5): warning MSB8012: TargetName(vorbisdec) не соответствует значению свойства выходного файла (vorbisdec_static) для Linker. Это может привести к неправильному построению проекта. Чтобы исправить это, убедитесь, что значения свойств $(OutDir), $(TargetName) и $(TargetExt) соответствуют значению, указанному в %(Link.OutputFile).
       Link:
         E:\VS2010\VC\bin\link.exe /ERRORREPORT:PROMPT /OUT:"C:\Users\VAX\Documents\Visual Studio 2010\Projects\engine\SDK\source\libvorbis-1.3.6\win32\VS2010\Win32\Release\vorbisdec_static.exe" /INCREMENTAL:NO /NOLOGO /LIBPATH:..\..\..\..\libogg\win32\VS2010\Win32\Release /LIBPATH:..\Win32\Release /LIBPATH:"..\..\..\..\libogg-1.3.2\win32\VS2015\Win32\Release" /LIBPATH:..\..\..\..\libogg\win32\VS2015\Win32\Release /LIBPATH:..\..\..\..\..\..\..\core\ogg\libogg\win32\VS2015\Win32\Release libogg_static.lib libvorbis_static.lib kernel32.lib user32.lib gdi32.lib winspool.lib comdlg32.lib advapi32.lib shell32.lib ole32.lib oleaut32.lib uuid.lib odbc32.lib odbccp32.lib /MANIFEST /ManifestFile:"Win32\Release\vorbisdec.exe.intermediate.manifest" /MANIFESTUAC:"level='asInvoker' uiAccess='false'" /PDB:"C:\Users\VAX\Documents\Visual Studio 2010\Projects\engine\SDK\source\libvorbis-1.3.6\win32\VS2010\Win32\Release\vorbisdec.pdb" /SUBSYSTEM:CONSOLE /OPT:REF /OPT:ICF /LTCG /TLBID:1 /DYNAMICBASE /NXCOMPAT /IMPLIB:"C:\Users\VAX\Documents\Visual Studio 2010\Projects\engine\SDK\source\libvorbis-1.3.6\win32\VS2010\Win32\Release\vorbisdec.lib" /MACHINE:X86 Win32\Release\decoder_example.obj
         "C:\Users\VAX\Documents\Visual Studio 2010\Projects\engine\SDK\source\libvorbis-1.3.6\win32\VS2010\Win32\Release\libvorbis_static.lib"
     1>LINK : fatal error LNK1181: не удается открыть входной файл "libogg_static.lib"
     1>Построение проекта "C:\Users\VAX\Documents\Visual Studio 2010\Projects\engine\SDK\source\libvorbis-1.3.6\win32\VS2010\vorbisdec\vorbisdec_static.vcxproj" завершено (целевые объекты build) с ошибкой.

СБОЙ построения.

Затраченное время: 00:00:07.99
