Построение начато 13.10.2019 17:51:53.
     1>Проект "C:\Users\VAX\Documents\Visual Studio 2010\Projects\engine\SDK\source\libvorbis-1.3.6\win32\VS2010\vorbisenc\vorbisenc_static.vcxproj" в узле 2 (целевые объекты build).
     1>InitializeBuildStatus:
         Создание "Win32\Debug\vorbisenc.unsuccessfulbuild", так как было задано "AlwaysCreate".
       ClCompile:
         E:\VS2010\VC\bin\CL.exe /c /I..\..\..\include /I..\..\..\..\libogg\include /I"..\..\..\..\libogg-1.3.2\include" /I..\..\..\..\libogg\include /I..\..\..\..\..\..\..\core\ogg\libogg\include /ZI /nologo /W4 /WX- /Od /Oy- /D WIN32 /D _DEBUG /D _CONSOLE /D _VC80_UPGRADE=0x0710 /D _UNICODE /D UNICODE /Gm /RTC1 /MDd /GS /fp:precise /Zc:wchar_t /Zc:forScope /Fo"Win32\Debug\\" /Fd"Win32\Debug\vc100.pdb" /Gd /TC /analyze- /errorReport:prompt ..\..\..\examples\encoder_example.c
         encoder_example.c
     1>c:\users\vax\documents\visual studio 2010\projects\engine\sdk\source\libvorbis-1.3.6\examples\encoder_example.c(127): warning C4305: функция: усечение из "double" к "float"
     1>c:\users\vax\documents\visual studio 2010\projects\engine\sdk\source\libvorbis-1.3.6\examples\encoder_example.c(146): warning C4244: функция: преобразование "time_t" в "unsigned int", возможна потеря данных
       ManifestResourceCompile:
         C:\Program Files (x86)\Microsoft SDKs\Windows\v7.0A\bin\rc.exe /nologo /fo"Win32\Debug\vorbisenc.exe.embed.manifest.res" Win32\Debug\vorbisenc_manifest.rc 
     1>C:\Program Files (x86)\MSBuild\Microsoft.Cpp\v4.0\Microsoft.CppBuild.targets(990,5): warning MSB8012: TargetPath(C:\Users\VAX\Documents\Visual Studio 2010\Projects\engine\SDK\source\libvorbis-1.3.6\win32\VS2010\Win32\Debug\vorbisenc.exe) не соответствует значению свойства выходного файла (C:\Users\VAX\Documents\Visual Studio 2010\Projects\engine\SDK\source\libvorbis-1.3.6\win32\VS2010\Win32\Debug\vorbisenc_static.exe) для Linker. Это может привести к неправильному построению проекта. Чтобы исправить это, убедитесь, что значения свойств $(OutDir), $(TargetName) и $(TargetExt) соответствуют значению, указанному в %(Link.OutputFile).
     1>C:\Program Files (x86)\MSBuild\Microsoft.Cpp\v4.0\Microsoft.CppBuild.targets(992,5): warning MSB8012: TargetName(vorbisenc) не соответствует значению свойства выходного файла (vorbisenc_static) для Linker. Это может привести к неправильному построению проекта. Чтобы исправить это, убедитесь, что значения свойств $(OutDir), $(TargetName) и $(TargetExt) соответствуют значению, указанному в %(Link.OutputFile).
       Link:
         E:\VS2010\VC\bin\link.exe /ERRORREPORT:PROMPT /OUT:"C:\Users\VAX\Documents\Visual Studio 2010\Projects\engine\SDK\source\libvorbis-1.3.6\win32\VS2010\Win32\Debug\vorbisenc_static.exe" /INCREMENTAL /NOLOGO /LIBPATH:..\..\..\..\libogg\win32\VS2010\Win32\Debug /LIBPATH:..\Win32\Debug /LIBPATH:"..\..\..\..\libogg-1.3.2\win32\VS2015\Win32\Debug" /LIBPATH:..\..\..\..\libogg\win32\VS2015\Win32\Debug /LIBPATH:..\..\..\..\..\..\..\core\ogg\libogg\win32\VS2015\Win32\Debug libogg_static.lib libvorbis_static.lib kernel32.lib user32.lib gdi32.lib winspool.lib comdlg32.lib advapi32.lib shell32.lib ole32.lib oleaut32.lib uuid.lib odbc32.lib odbccp32.lib /MANIFEST /ManifestFile:"Win32\Debug\vorbisenc.exe.intermediate.manifest" /MANIFESTUAC:"level='asInvoker' uiAccess='false'" /DEBUG /PDB:"C:\Users\VAX\Documents\Visual Studio 2010\Projects\engine\SDK\source\libvorbis-1.3.6\win32\VS2010\Win32\Debug\vorbisenc.pdb" /SUBSYSTEM:CONSOLE /TLBID:1 /DYNAMICBASE /NXCOMPAT /IMPLIB:"C:\Users\VAX\Documents\Visual Studio 2010\Projects\engine\SDK\source\libvorbis-1.3.6\win32\VS2010\Win32\Debug\vorbisenc.lib" /MACHINE:X86 Win32\Debug\vorbisenc.exe.embed.manifest.res
         Win32\Debug\encoder_example.obj
         "C:\Users\VAX\Documents\Visual Studio 2010\Projects\engine\SDK\source\libvorbis-1.3.6\win32\VS2010\Win32\Debug\libvorbis_static.lib"
     1>LINK : fatal error LNK1104: не удается открыть файл "libogg_static.lib"
     1>Построение проекта "C:\Users\VAX\Documents\Visual Studio 2010\Projects\engine\SDK\source\libvorbis-1.3.6\win32\VS2010\vorbisenc\vorbisenc_static.vcxproj" завершено (целевые объекты build) с ошибкой.

СБОЙ построения.

Затраченное время: 00:00:02.06
