Построение начато 13.10.2019 17:51:41.
     1>Проект "C:\Users\VAX\Documents\Visual Studio 2010\Projects\engine\SDK\source\libvorbis-1.3.6\win32\VS2010\libvorbis\libvorbis_static.vcxproj" в узле 2 (целевые объекты build).
     1>PrepareForBuild:
         Создание каталога "C:\Users\VAX\Documents\Visual Studio 2010\Projects\engine\SDK\source\libvorbis-1.3.6\win32\VS2010\Win32\Debug\".
       InitializeBuildStatus:
         Создание "Win32\Debug\libvorbis_static.unsuccessfulbuild", так как было задано "AlwaysCreate".
       ClCompile:
         E:\VS2010\VC\bin\CL.exe /c /I..\..\..\include /I..\..\..\..\libogg\include /I"..\..\..\..\libogg-1.3.2\include" /I..\..\..\..\libogg\include /I..\..\..\..\..\..\..\core\ogg\libogg\include /ZI /nologo /W4 /WX- /Od /Oy- /D WIN32 /D _DEBUG /D _WINDOWS /D _USRDLL /D LIBVORBIS_EXPORTS /D _VC80_UPGRADE=0x0710 /D _UNICODE /D UNICODE /Gm /EHsc /RTC1 /MDd /GS /fp:precise /Zc:wchar_t /Zc:forScope /Fo"Win32\Debug\\" /Fd"Win32\Debug\vc100.pdb" /Gd /TC /analyze- /errorReport:prompt ..\..\..\lib\analysis.c ..\..\..\lib\bitrate.c ..\..\..\lib\block.c ..\..\..\lib\codebook.c ..\..\..\lib\envelope.c ..\..\..\lib\floor0.c ..\..\..\lib\floor1.c ..\..\..\lib\info.c ..\..\..\lib\lookup.c ..\..\..\lib\lpc.c ..\..\..\lib\lsp.c ..\..\..\lib\mapping0.c ..\..\..\lib\mdct.c ..\..\..\lib\psy.c ..\..\..\lib\registry.c ..\..\..\lib\res0.c ..\..\..\lib\sharedbook.c ..\..\..\lib\smallft.c ..\..\..\lib\synthesis.c ..\..\..\lib\vorbisenc.c ..\..\..\lib\window.c
         window.c
         vorbisenc.c
     1>c:\users\vax\documents\visual studio 2010\projects\engine\sdk\source\libvorbis-1.3.6\lib\modes\psych_44.h(26): warning C4244: инициализация: преобразование "double" в "int", возможна потеря данных
     1>c:\users\vax\documents\visual studio 2010\projects\engine\sdk\source\libvorbis-1.3.6\lib\modes\psych_44.h(26): warning C4244: инициализация: преобразование "double" в "int", возможна потеря данных
     1>c:\users\vax\documents\visual studio 2010\projects\engine\sdk\source\libvorbis-1.3.6\lib\modes\psych_44.h(26): warning C4244: инициализация: преобразование "double" в "int", возможна потеря данных
     1>c:\users\vax\documents\visual studio 2010\projects\engine\sdk\source\libvorbis-1.3.6\lib\modes\psych_44.h(26): warning C4244: инициализация: преобразование "double" в "int", возможна потеря данных
     1>c:\users\vax\documents\visual studio 2010\projects\engine\sdk\source\libvorbis-1.3.6\lib\modes\psych_44.h(26): warning C4244: инициализация: преобразование "double" в "int", возможна потеря данных
     1>c:\users\vax\documents\visual studio 2010\projects\engine\sdk\source\libvorbis-1.3.6\lib\modes\psych_44.h(32): warning C4244: инициализация: преобразование "double" в "int", возможна потеря данных
     1>c:\users\vax\documents\visual studio 2010\projects\engine\sdk\source\libvorbis-1.3.6\lib\modes\psych_44.h(32): warning C4244: инициализация: преобразование "double" в "int", возможна потеря данных
     1>c:\users\vax\documents\visual studio 2010\projects\engine\sdk\source\libvorbis-1.3.6\lib\modes\psych_44.h(32): warning C4244: инициализация: преобразование "double" в "int", возможна потеря данных
     1>c:\users\vax\documents\visual studio 2010\projects\engine\sdk\source\libvorbis-1.3.6\lib\modes\psych_44.h(32): warning C4244: инициализация: преобразование "double" в "int", возможна потеря данных
     1>c:\users\vax\documents\visual studio 2010\projects\engine\sdk\source\libvorbis-1.3.6\lib\modes\psych_44.h(32): warning C4244: инициализация: преобразование "double" в "int", возможна потеря данных
     1>c:\users\vax\documents\visual studio 2010\projects\engine\sdk\source\libvorbis-1.3.6\lib\modes\psych_44.h(38): warning C4244: инициализация: преобразование "double" в "int", возможна потеря данных
     1>c:\users\vax\documents\visual studio 2010\projects\engine\sdk\source\libvorbis-1.3.6\lib\modes\psych_44.h(38): warning C4244: инициализация: преобразование "double" в "int", возможна потеря данных
     1>c:\users\vax\documents\visual studio 2010\projects\engine\sdk\source\libvorbis-1.3.6\lib\modes\psych_44.h(38): warning C4244: инициализация: преобразование "double" в "int", возможна потеря данных
     1>c:\users\vax\documents\visual studio 2010\projects\engine\sdk\source\libvorbis-1.3.6\lib\modes\psych_44.h(38): warning C4244: инициализация: преобразование "double" в "int", возможна потеря данных
     1>c:\users\vax\documents\visual studio 2010\projects\engine\sdk\source\libvorbis-1.3.6\lib\modes\psych_44.h(38): warning C4244: инициализация: преобразование "double" в "int", возможна потеря данных
     1>c:\users\vax\documents\visual studio 2010\projects\engine\sdk\source\libvorbis-1.3.6\lib\modes\psych_44.h(44): warning C4244: инициализация: преобразование "double" в "int", возможна потеря данных
     1>c:\users\vax\documents\visual studio 2010\projects\engine\sdk\source\libvorbis-1.3.6\lib\modes\psych_44.h(44): warning C4244: инициализация: преобразование "double" в "int", возможна потеря данных
     1>c:\users\vax\documents\visual studio 2010\projects\engine\sdk\source\libvorbis-1.3.6\lib\modes\psych_44.h(44): warning C4244: инициализация: преобразование "double" в "int", возможна потеря данных
     1>c:\users\vax\documents\visual studio 2010\projects\engine\sdk\source\libvorbis-1.3.6\lib\modes\psych_44.h(44): warning C4244: инициализация: преобразование "double" в "int", возможна потеря данных
     1>c:\users\vax\documents\visual studio 2010\projects\engine\sdk\source\libvorbis-1.3.6\lib\modes\psych_44.h(44): warning C4244: инициализация: преобразование "double" в "int", возможна потеря данных
     1>c:\users\vax\documents\visual studio 2010\projects\engine\sdk\source\libvorbis-1.3.6\lib\modes\psych_44.h(50): warning C4244: инициализация: преобразование "double" в "int", возможна потеря данных
     1>c:\users\vax\documents\visual studio 2010\projects\engine\sdk\source\libvorbis-1.3.6\lib\modes\psych_44.h(50): warning C4244: инициализация: преобразование "double" в "int", возможна потеря данных
     1>c:\users\vax\documents\visual studio 2010\projects\engine\sdk\source\libvorbis-1.3.6\lib\modes\psych_44.h(50): warning C4244: инициализация: преобразование "double" в "int", возможна потеря данных
     1>c:\users\vax\documents\visual studio 2010\projects\engine\sdk\source\libvorbis-1.3.6\lib\modes\psych_44.h(50): warning C4244: инициализация: преобразование "double" в "int", возможна потеря данных
     1>c:\users\vax\documents\visual studio 2010\projects\engine\sdk\source\libvorbis-1.3.6\lib\modes\psych_44.h(50): warning C4244: инициализация: преобразование "double" в "int", возможна потеря данных
     1>c:\users\vax\documents\visual studio 2010\projects\engine\sdk\source\libvorbis-1.3.6\lib\vorbisenc.c(230): warning C4244: инициализация: преобразование "double" в "int", возможна потеря данных
     1>c:\users\vax\documents\visual studio 2010\projects\engine\sdk\source\libvorbis-1.3.6\lib\vorbisenc.c(247): warning C4244: =: преобразование "double" в "float", возможна потеря данных
     1>c:\users\vax\documents\visual studio 2010\projects\engine\sdk\source\libvorbis-1.3.6\lib\vorbisenc.c(248): warning C4244: =: преобразование "double" в "float", возможна потеря данных
     1>c:\users\vax\documents\visual studio 2010\projects\engine\sdk\source\libvorbis-1.3.6\lib\vorbisenc.c(250): warning C4244: =: преобразование "double" в "float", возможна потеря данных
     1>c:\users\vax\documents\visual studio 2010\projects\engine\sdk\source\libvorbis-1.3.6\lib\vorbisenc.c(257): warning C4244: инициализация: преобразование "const double" в "float", возможна потеря данных
     1>c:\users\vax\documents\visual studio 2010\projects\engine\sdk\source\libvorbis-1.3.6\lib\vorbisenc.c(258): warning C4244: инициализация: преобразование "float" в "int", возможна потеря данных
     1>c:\users\vax\documents\visual studio 2010\projects\engine\sdk\source\libvorbis-1.3.6\lib\vorbisenc.c(270): warning C4244: инициализация: преобразование "double" в "float", возможна потеря данных
     1>c:\users\vax\documents\visual studio 2010\projects\engine\sdk\source\libvorbis-1.3.6\lib\vorbisenc.c(271): warning C4244: =: преобразование "double" в "int", возможна потеря данных
     1>c:\users\vax\documents\visual studio 2010\projects\engine\sdk\source\libvorbis-1.3.6\lib\vorbisenc.c(272): warning C4244: =: преобразование "double" в "int", возможна потеря данных
     1>c:\users\vax\documents\visual studio 2010\projects\engine\sdk\source\libvorbis-1.3.6\lib\vorbisenc.c(273): warning C4244: =: преобразование "float" в "int", возможна потеря данных
     1>c:\users\vax\documents\visual studio 2010\projects\engine\sdk\source\libvorbis-1.3.6\lib\vorbisenc.c(275): warning C4244: =: преобразование "double" в "float", возможна потеря данных
     1>c:\users\vax\documents\visual studio 2010\projects\engine\sdk\source\libvorbis-1.3.6\lib\vorbisenc.c(276): warning C4244: =: преобразование "double" в "int", возможна потеря данных
     1>c:\users\vax\documents\visual studio 2010\projects\engine\sdk\source\libvorbis-1.3.6\lib\vorbisenc.c(277): warning C4244: =: преобразование "double" в "int", возможна потеря данных
     1>c:\users\vax\documents\visual studio 2010\projects\engine\sdk\source\libvorbis-1.3.6\lib\vorbisenc.c(281): warning C4244: инициализация: преобразование "double" в "float", возможна потеря данных
     1>c:\users\vax\documents\visual studio 2010\projects\engine\sdk\source\libvorbis-1.3.6\lib\vorbisenc.c(283): warning C4244: =: преобразование "double" в "int", возможна потеря данных
     1>c:\users\vax\documents\visual studio 2010\projects\engine\sdk\source\libvorbis-1.3.6\lib\vorbisenc.c(284): warning C4244: =: преобразование "double" в "int", возможна потеря данных
     1>c:\users\vax\documents\visual studio 2010\projects\engine\sdk\source\libvorbis-1.3.6\lib\vorbisenc.c(285): warning C4244: =: преобразование "float" в "int", возможна потеря данных
     1>c:\users\vax\documents\visual studio 2010\projects\engine\sdk\source\libvorbis-1.3.6\lib\vorbisenc.c(288): warning C4244: =: преобразование "double" в "float", возможна потеря данных
     1>c:\users\vax\documents\visual studio 2010\projects\engine\sdk\source\libvorbis-1.3.6\lib\vorbisenc.c(290): warning C4244: =: преобразование "double" в "int", возможна потеря данных
     1>c:\users\vax\documents\visual studio 2010\projects\engine\sdk\source\libvorbis-1.3.6\lib\vorbisenc.c(291): warning C4244: =: преобразование "double" в "int", возможна потеря данных
     1>c:\users\vax\documents\visual studio 2010\projects\engine\sdk\source\libvorbis-1.3.6\lib\vorbisenc.c(311): warning C4244: инициализация: преобразование "double" в "int", возможна потеря данных
     1>c:\users\vax\documents\visual studio 2010\projects\engine\sdk\source\libvorbis-1.3.6\lib\vorbisenc.c(337): warning C4244: инициализация: преобразование "double" в "int", возможна потеря данных
     1>c:\users\vax\documents\visual studio 2010\projects\engine\sdk\source\libvorbis-1.3.6\lib\vorbisenc.c(344): warning C4244: =: преобразование "double" в "float", возможна потеря данных
     1>c:\users\vax\documents\visual studio 2010\projects\engine\sdk\source\libvorbis-1.3.6\lib\vorbisenc.c(345): warning C4244: =: преобразование "double" в "float", возможна потеря данных
     1>c:\users\vax\documents\visual studio 2010\projects\engine\sdk\source\libvorbis-1.3.6\lib\vorbisenc.c(346): warning C4244: =: преобразование "double" в "float", возможна потеря данных
     1>c:\users\vax\documents\visual studio 2010\projects\engine\sdk\source\libvorbis-1.3.6\lib\vorbisenc.c(347): warning C4244: =: преобразование "double" в "float", возможна потеря данных
     1>c:\users\vax\documents\visual studio 2010\projects\engine\sdk\source\libvorbis-1.3.6\lib\vorbisenc.c(348): warning C4244: =: преобразование "double" в "float", возможна потеря данных
     1>c:\users\vax\documents\visual studio 2010\projects\engine\sdk\source\libvorbis-1.3.6\lib\vorbisenc.c(350): warning C4244: =: преобразование "double" в "float", возможна потеря данных
     1>c:\users\vax\documents\visual studio 2010\projects\engine\sdk\source\libvorbis-1.3.6\lib\vorbisenc.c(353): warning C4244: =: преобразование "double" в "float", возможна потеря данных
     1>c:\users\vax\documents\visual studio 2010\projects\engine\sdk\source\libvorbis-1.3.6\lib\vorbisenc.c(361): warning C4244: инициализация: преобразование "double" в "int", возможна потеря данных
     1>c:\users\vax\documents\visual studio 2010\projects\engine\sdk\source\libvorbis-1.3.6\lib\vorbisenc.c(376): warning C4244: =: преобразование "double" в "float", возможна потеря данных
     1>c:\users\vax\documents\visual studio 2010\projects\engine\sdk\source\libvorbis-1.3.6\lib\vorbisenc.c(382): warning C4244: инициализация: преобразование "double" в "int", возможна потеря данных
     1>c:\users\vax\documents\visual studio 2010\projects\engine\sdk\source\libvorbis-1.3.6\lib\vorbisenc.c(387): warning C4244: =: преобразование "double" в "float", возможна потеря данных
     1>c:\users\vax\documents\visual studio 2010\projects\engine\sdk\source\libvorbis-1.3.6\lib\vorbisenc.c(397): warning C4244: инициализация: преобразование "double" в "int", возможна потеря данных
     1>c:\users\vax\documents\visual studio 2010\projects\engine\sdk\source\libvorbis-1.3.6\lib\vorbisenc.c(402): warning C4244: =: преобразование "double" в "float", возможна потеря данных
     1>c:\users\vax\documents\visual studio 2010\projects\engine\sdk\source\libvorbis-1.3.6\lib\vorbisenc.c(409): warning C4244: =: преобразование "double" в "float", возможна потеря данных
     1>c:\users\vax\documents\visual studio 2010\projects\engine\sdk\source\libvorbis-1.3.6\lib\vorbisenc.c(416): warning C4244: +=: преобразование "double" в "float", возможна потеря данных
     1>c:\users\vax\documents\visual studio 2010\projects\engine\sdk\source\libvorbis-1.3.6\lib\vorbisenc.c(428): warning C4244: =: преобразование "double" в "float", возможна потеря данных
     1>c:\users\vax\documents\visual studio 2010\projects\engine\sdk\source\libvorbis-1.3.6\lib\vorbisenc.c(429): warning C4244: =: преобразование "double" в "float", возможна потеря данных
     1>c:\users\vax\documents\visual studio 2010\projects\engine\sdk\source\libvorbis-1.3.6\lib\vorbisenc.c(446): warning C4244: инициализация: преобразование "double" в "int", возможна потеря данных
     1>c:\users\vax\documents\visual studio 2010\projects\engine\sdk\source\libvorbis-1.3.6\lib\vorbisenc.c(528): warning C4244: =: преобразование "double" в "int", возможна потеря данных
     1>c:\users\vax\documents\visual studio 2010\projects\engine\sdk\source\libvorbis-1.3.6\lib\vorbisenc.c(592): warning C4244: инициализация: преобразование "double" в "int", возможна потеря данных
     1>c:\users\vax\documents\visual studio 2010\projects\engine\sdk\source\libvorbis-1.3.6\lib\vorbisenc.c(621): warning C4244: инициализация: преобразование "double" в "int", возможна потеря данных
     1>c:\users\vax\documents\visual studio 2010\projects\engine\sdk\source\libvorbis-1.3.6\lib\vorbisenc.c(658): warning C4244: инициализация: преобразование "const double" в "float", возможна потеря данных
     1>c:\users\vax\documents\visual studio 2010\projects\engine\sdk\source\libvorbis-1.3.6\lib\vorbisenc.c(659): warning C4244: инициализация: преобразование "const double" в "float", возможна потеря данных
     1>c:\users\vax\documents\visual studio 2010\projects\engine\sdk\source\libvorbis-1.3.6\lib\vorbisenc.c(660): warning C4244: инициализация: преобразование "double" в "float", возможна потеря данных
     1>c:\users\vax\documents\visual studio 2010\projects\engine\sdk\source\libvorbis-1.3.6\lib\vorbisenc.c(716): warning C4244: функция: преобразование "double" в "int", возможна потеря данных
     1>c:\users\vax\documents\visual studio 2010\projects\engine\sdk\source\libvorbis-1.3.6\lib\vorbisenc.c(833): warning C4244: =: преобразование "double" в "long", возможна потеря данных
     1>c:\users\vax\documents\visual studio 2010\projects\engine\sdk\source\libvorbis-1.3.6\lib\vorbisenc.c(839): warning C4244: =: преобразование "double" в "long", возможна потеря данных
     1>c:\users\vax\documents\visual studio 2010\projects\engine\sdk\source\libvorbis-1.3.6\lib\vorbisenc.c(841): warning C4244: =: преобразование "double" в "long", возможна потеря данных
     1>c:\users\vax\documents\visual studio 2010\projects\engine\sdk\source\libvorbis-1.3.6\lib\vorbisenc.c(876): warning C4244: =: преобразование "double" в "int", возможна потеря данных
     1>c:\users\vax\documents\visual studio 2010\projects\engine\sdk\source\libvorbis-1.3.6\lib\vorbisenc.c(912): warning C4305: +=: усечение из "double" к "float"
     1>c:\users\vax\documents\visual studio 2010\projects\engine\sdk\source\libvorbis-1.3.6\lib\vorbisenc.c(913): warning C4305: =: усечение из "double" к "float"
     1>c:\users\vax\documents\visual studio 2010\projects\engine\sdk\source\libvorbis-1.3.6\lib\vorbisenc.c(966): warning C4244: =: преобразование "double" в "long", возможна потеря данных
     1>c:\users\vax\documents\visual studio 2010\projects\engine\sdk\source\libvorbis-1.3.6\lib\vorbisenc.c(968): warning C4244: =: преобразование "double" в "long", возможна потеря данных
     1>c:\users\vax\documents\visual studio 2010\projects\engine\sdk\source\libvorbis-1.3.6\lib\vorbisenc.c(978): warning C4244: =: преобразование "long" в "float", возможна потеря данных
     1>c:\users\vax\documents\visual studio 2010\projects\engine\sdk\source\libvorbis-1.3.6\lib\vorbisenc.c(989): warning C4244: =: преобразование "double" в "long", возможна потеря данных
     1>c:\users\vax\documents\visual studio 2010\projects\engine\sdk\source\libvorbis-1.3.6\lib\vorbisenc.c(1073): warning C4244: =: преобразование "double" в "long", возможна потеря данных
     1>c:\users\vax\documents\visual studio 2010\projects\engine\sdk\source\libvorbis-1.3.6\lib\vorbisenc.c(1089): warning C4244: =: преобразование "double" в "long", возможна потеря данных
     1>c:\users\vax\documents\visual studio 2010\projects\engine\sdk\source\libvorbis-1.3.6\lib\vorbisenc.c(1092): warning C4244: =: преобразование "double" в "long", возможна потеря данных
         synthesis.c
         smallft.c
     1>c:\users\vax\documents\visual studio 2010\projects\engine\sdk\source\libvorbis-1.3.6\lib\smallft.c(98): warning C4244: =: преобразование "double" в "float", возможна потеря данных
     1>c:\users\vax\documents\visual studio 2010\projects\engine\sdk\source\libvorbis-1.3.6\lib\smallft.c(99): warning C4244: =: преобразование "double" в "float", возможна потеря данных
     1>c:\users\vax\documents\visual studio 2010\projects\engine\sdk\source\libvorbis-1.3.6\lib\smallft.c(282): warning C4244: =: преобразование "double" в "float", возможна потеря данных
     1>c:\users\vax\documents\visual studio 2010\projects\engine\sdk\source\libvorbis-1.3.6\lib\smallft.c(283): warning C4244: =: преобразование "double" в "float", возможна потеря данных
     1>c:\users\vax\documents\visual studio 2010\projects\engine\sdk\source\libvorbis-1.3.6\lib\smallft.c(852): warning C4244: =: преобразование "double" в "float", возможна потеря данных
     1>c:\users\vax\documents\visual studio 2010\projects\engine\sdk\source\libvorbis-1.3.6\lib\smallft.c(853): warning C4244: =: преобразование "double" в "float", возможна потеря данных
         sharedbook.c
     1>c:\users\vax\documents\visual studio 2010\projects\engine\sdk\source\libvorbis-1.3.6\lib\sharedbook.c(53): warning C4244: =: преобразование "double" в "long", возможна потеря данных
     1>c:\users\vax\documents\visual studio 2010\projects\engine\sdk\source\libvorbis-1.3.6\lib\sharedbook.c(54): warning C4244: =: преобразование "double" в "long", возможна потеря данных
     1>c:\users\vax\documents\visual studio 2010\projects\engine\sdk\source\libvorbis-1.3.6\lib\sharedbook.c(65): warning C4244: return: преобразование "double" в "float", возможна потеря данных
     1>c:\users\vax\documents\visual studio 2010\projects\engine\sdk\source\libvorbis-1.3.6\lib\sharedbook.c(165): warning C4244: =: преобразование "double" в "long", возможна потеря данных
     1>c:\users\vax\documents\visual studio 2010\projects\engine\sdk\source\libvorbis-1.3.6\lib\sharedbook.c(175): warning C4127: условное выражение является константой
     1>c:\users\vax\documents\visual studio 2010\projects\engine\sdk\source\libvorbis-1.3.6\lib\sharedbook.c(228): warning C4244: инициализация: преобразование "long" в "float", возможна потеря данных
     1>c:\users\vax\documents\visual studio 2010\projects\engine\sdk\source\libvorbis-1.3.6\lib\sharedbook.c(229): warning C4244: =: преобразование "double" в "float", возможна потеря данных
     1>c:\users\vax\documents\visual studio 2010\projects\engine\sdk\source\libvorbis-1.3.6\lib\sharedbook.c(248): warning C4244: инициализация: преобразование "long" в "float", возможна потеря данных
     1>c:\users\vax\documents\visual studio 2010\projects\engine\sdk\source\libvorbis-1.3.6\lib\sharedbook.c(249): warning C4244: =: преобразование "double" в "float", возможна потеря данных
         res0.c
     1>c:\users\vax\documents\visual studio 2010\projects\engine\sdk\source\libvorbis-1.3.6\lib\res0.c(422): warning C4244: инициализация: преобразование "double" в "float", возможна потеря данных
     1>c:\users\vax\documents\visual studio 2010\projects\engine\sdk\source\libvorbis-1.3.6\lib\res0.c(442): warning C4244: *=: преобразование "float" в "int", возможна потеря данных
         registry.c
         psy.c
     1>c:\users\vax\documents\visual studio 2010\projects\engine\sdk\source\libvorbis-1.3.6\lib\psy.c(136): warning C4244: функция: преобразование "double" в "float", возможна потеря данных
     1>c:\users\vax\documents\visual studio 2010\projects\engine\sdk\source\libvorbis-1.3.6\lib\psy.c(138): warning C4244: функция: преобразование "double" в "float", возможна потеря данных
     1>c:\users\vax\documents\visual studio 2010\projects\engine\sdk\source\libvorbis-1.3.6\lib\psy.c(172): warning C4244: =: преобразование "double" в "int", возможна потеря данных
     1>c:\users\vax\documents\visual studio 2010\projects\engine\sdk\source\libvorbis-1.3.6\lib\psy.c(173): warning C4244: =: преобразование "double" в "int", возможна потеря данных
     1>c:\users\vax\documents\visual studio 2010\projects\engine\sdk\source\libvorbis-1.3.6\lib\psy.c(174): warning C4244: =: преобразование "double" в "int", возможна потеря данных
     1>c:\users\vax\documents\visual studio 2010\projects\engine\sdk\source\libvorbis-1.3.6\lib\psy.c(191): warning C4244: инициализация: преобразование "double" в "int", возможна потеря данных
     1>c:\users\vax\documents\visual studio 2010\projects\engine\sdk\source\libvorbis-1.3.6\lib\psy.c(192): warning C4244: инициализация: преобразование "double" в "int", возможна потеря данных
     1>c:\users\vax\documents\visual studio 2010\projects\engine\sdk\source\libvorbis-1.3.6\lib\psy.c(216): warning C4244: инициализация: преобразование "double" в "int", возможна потеря данных
     1>c:\users\vax\documents\visual studio 2010\projects\engine\sdk\source\libvorbis-1.3.6\lib\psy.c(217): warning C4244: инициализация: преобразование "double" в "int", возможна потеря данных
     1>c:\users\vax\documents\visual studio 2010\projects\engine\sdk\source\libvorbis-1.3.6\lib\psy.c(238): warning C4244: инициализация: преобразование "double" в "int", возможна потеря данных
     1>c:\users\vax\documents\visual studio 2010\projects\engine\sdk\source\libvorbis-1.3.6\lib\psy.c(253): warning C4244: =: преобразование "int" в "float", возможна потеря данных
     1>c:\users\vax\documents\visual studio 2010\projects\engine\sdk\source\libvorbis-1.3.6\lib\psy.c(258): warning C4244: =: преобразование "int" в "float", возможна потеря данных
     1>c:\users\vax\documents\visual studio 2010\projects\engine\sdk\source\libvorbis-1.3.6\lib\psy.c(273): warning C4244: =: преобразование "double" в "long", возможна потеря данных
     1>c:\users\vax\documents\visual studio 2010\projects\engine\sdk\source\libvorbis-1.3.6\lib\psy.c(275): warning C4244: =: преобразование "double" в "long", возможна потеря данных
     1>c:\users\vax\documents\visual studio 2010\projects\engine\sdk\source\libvorbis-1.3.6\lib\psy.c(276): warning C4244: =: преобразование "double" в "long", возможна потеря данных
     1>c:\users\vax\documents\visual studio 2010\projects\engine\sdk\source\libvorbis-1.3.6\lib\psy.c(289): warning C4305: =: усечение из "double" к "float"
     1>c:\users\vax\documents\visual studio 2010\projects\engine\sdk\source\libvorbis-1.3.6\lib\psy.c(290): warning C4305: =: усечение из "double" к "float"
     1>c:\users\vax\documents\visual studio 2010\projects\engine\sdk\source\libvorbis-1.3.6\lib\psy.c(295): warning C4244: инициализация: преобразование "double" в "int", возможна потеря данных
     1>c:\users\vax\documents\visual studio 2010\projects\engine\sdk\source\libvorbis-1.3.6\lib\psy.c(300): warning C4244: =: преобразование "double" в "float", возможна потеря данных
     1>c:\users\vax\documents\visual studio 2010\projects\engine\sdk\source\libvorbis-1.3.6\lib\psy.c(311): warning C4244: инициализация: преобразование "double" в "float", возможна потеря данных
     1>c:\users\vax\documents\visual studio 2010\projects\engine\sdk\source\libvorbis-1.3.6\lib\psy.c(324): warning C4244: =: преобразование "double" в "long", возможна потеря данных
     1>c:\users\vax\documents\visual studio 2010\projects\engine\sdk\source\libvorbis-1.3.6\lib\psy.c(326): warning C4244: функция: преобразование "double" в "float", возможна потеря данных
     1>c:\users\vax\documents\visual studio 2010\projects\engine\sdk\source\libvorbis-1.3.6\lib\psy.c(335): warning C4244: инициализация: преобразование "double" в "float", возможна потеря данных
     1>c:\users\vax\documents\visual studio 2010\projects\engine\sdk\source\libvorbis-1.3.6\lib\psy.c(347): warning C4244: =: преобразование "double" в "float", возможна потеря данных
     1>c:\users\vax\documents\visual studio 2010\projects\engine\sdk\source\libvorbis-1.3.6\lib\psy.c(401): warning C4244: =: преобразование "const float" в "int", возможна потеря данных
     1>c:\users\vax\documents\visual studio 2010\projects\engine\sdk\source\libvorbis-1.3.6\lib\psy.c(403): warning C4244: =: преобразование "const float" в "int", возможна потеря данных
     1>c:\users\vax\documents\visual studio 2010\projects\engine\sdk\source\libvorbis-1.3.6\lib\psy.c(462): warning C4127: условное выражение является константой
     1>c:\users\vax\documents\visual studio 2010\projects\engine\sdk\source\libvorbis-1.3.6\lib\psy.c(570): warning C4244: =: преобразование "double" в "float", возможна потеря данных
     1>c:\users\vax\documents\visual studio 2010\projects\engine\sdk\source\libvorbis-1.3.6\lib\psy.c(738): warning C4244: инициализация: преобразование "double" в "int", возможна потеря данных
     1>c:\users\vax\documents\visual studio 2010\projects\engine\sdk\source\libvorbis-1.3.6\lib\psy.c(800): warning C4305: =: усечение из "double" к "float"
     1>c:\users\vax\documents\visual studio 2010\projects\engine\sdk\source\libvorbis-1.3.6\lib\psy.c(806): warning C4244: =: преобразование "double" в "float", возможна потеря данных
     1>c:\users\vax\documents\visual studio 2010\projects\engine\sdk\source\libvorbis-1.3.6\lib\psy.c(813): warning C4305: =: усечение из "double" к "float"
     1>c:\users\vax\documents\visual studio 2010\projects\engine\sdk\source\libvorbis-1.3.6\lib\psy.c(817): warning C4244: =: преобразование "double" в "float", возможна потеря данных
     1>c:\users\vax\documents\visual studio 2010\projects\engine\sdk\source\libvorbis-1.3.6\lib\psy.c(921): warning C4244: инициализация: преобразование "double" в "float", возможна потеря данных
     1>c:\users\vax\documents\visual studio 2010\projects\engine\sdk\source\libvorbis-1.3.6\lib\psy.c(952): warning C4244: =: преобразование "double" в "int", возможна потеря данных
     1>c:\users\vax\documents\visual studio 2010\projects\engine\sdk\source\libvorbis-1.3.6\lib\psy.c(954): warning C4244: =: преобразование "double" в "int", возможна потеря данных
     1>c:\users\vax\documents\visual studio 2010\projects\engine\sdk\source\libvorbis-1.3.6\lib\psy.c(975): warning C4244: =: преобразование "double" в "int", возможна потеря данных
     1>c:\users\vax\documents\visual studio 2010\projects\engine\sdk\source\libvorbis-1.3.6\lib\psy.c(977): warning C4244: =: преобразование "double" в "int", возможна потеря данных
     1>c:\users\vax\documents\visual studio 2010\projects\engine\sdk\source\libvorbis-1.3.6\lib\psy.c(991): warning C4244: =: преобразование "float" в "int", возможна потеря данных
     1>c:\users\vax\documents\visual studio 2010\projects\engine\sdk\source\libvorbis-1.3.6\lib\psy.c(1020): warning C4244: инициализация: преобразование "const double" в "float", возможна потеря данных
     1>c:\users\vax\documents\visual studio 2010\projects\engine\sdk\source\libvorbis-1.3.6\lib\psy.c(1021): warning C4244: инициализация: преобразование "const double" в "float", возможна потеря данных
     1>c:\users\vax\documents\visual studio 2010\projects\engine\sdk\source\libvorbis-1.3.6\lib\psy.c(1049): warning C4244: =: преобразование "const double" в "float", возможна потеря данных
     1>c:\users\vax\documents\visual studio 2010\projects\engine\sdk\source\libvorbis-1.3.6\lib\psy.c(1127): warning C4244: =: преобразование "double" в "float", возможна потеря данных
     1>c:\users\vax\documents\visual studio 2010\projects\engine\sdk\source\libvorbis-1.3.6\lib\psy.c(1156): warning C4244: =: преобразование "double" в "float", возможна потеря данных
     1>c:\users\vax\documents\visual studio 2010\projects\engine\sdk\source\libvorbis-1.3.6\lib\psy.c(1175): warning C4244: =: преобразование "double" в "float", возможна потеря данных
     1>c:\users\vax\documents\visual studio 2010\projects\engine\sdk\source\libvorbis-1.3.6\lib\psy.c(1177): warning C4244: =: преобразование "double" в "float", возможна потеря данных
         mdct.c
     1>c:\users\vax\documents\visual studio 2010\projects\engine\sdk\source\libvorbis-1.3.6\lib\mdct.c(57): warning C4244: =: преобразование "double" в "int", возможна потеря данных
     1>c:\users\vax\documents\visual studio 2010\projects\engine\sdk\source\libvorbis-1.3.6\lib\mdct.c(65): warning C4244: =: преобразование "double" в "float", возможна потеря данных
     1>c:\users\vax\documents\visual studio 2010\projects\engine\sdk\source\libvorbis-1.3.6\lib\mdct.c(66): warning C4244: =: преобразование "double" в "float", возможна потеря данных
     1>c:\users\vax\documents\visual studio 2010\projects\engine\sdk\source\libvorbis-1.3.6\lib\mdct.c(67): warning C4244: =: преобразование "double" в "float", возможна потеря данных
     1>c:\users\vax\documents\visual studio 2010\projects\engine\sdk\source\libvorbis-1.3.6\lib\mdct.c(68): warning C4244: =: преобразование "double" в "float", возможна потеря данных
     1>c:\users\vax\documents\visual studio 2010\projects\engine\sdk\source\libvorbis-1.3.6\lib\mdct.c(71): warning C4244: =: преобразование "double" в "float", возможна потеря данных
     1>c:\users\vax\documents\visual studio 2010\projects\engine\sdk\source\libvorbis-1.3.6\lib\mdct.c(72): warning C4244: =: преобразование "double" в "float", возможна потеря данных
         mapping0.c
     1>c:\users\vax\documents\visual studio 2010\projects\engine\sdk\source\libvorbis-1.3.6\lib\mapping0.c(264): warning C4244: =: преобразование "double" в "float", возможна потеря данных
     1>c:\users\vax\documents\visual studio 2010\projects\engine\sdk\source\libvorbis-1.3.6\lib\mapping0.c(310): warning C4244: =: преобразование "double" в "float", возможна потеря данных
     1>c:\users\vax\documents\visual studio 2010\projects\engine\sdk\source\libvorbis-1.3.6\lib\mapping0.c(327): warning C4244: =: преобразование "double" в "float", возможна потеря данных
     1>c:\users\vax\documents\visual studio 2010\projects\engine\sdk\source\libvorbis-1.3.6\lib\mapping0.c(385): warning C4244: =: преобразование "double" в "float", возможна потеря данных
         lsp.c
     1>c:\users\vax\documents\visual studio 2010\projects\engine\sdk\source\libvorbis-1.3.6\lib\lsp.c(251): warning C4244: =: преобразование "double" в "float", возможна потеря данных
     1>c:\users\vax\documents\visual studio 2010\projects\engine\sdk\source\libvorbis-1.3.6\lib\lsp.c(258): warning C4244: инициализация: преобразование "double" в "float", возможна потеря данных
     1>c:\users\vax\documents\visual studio 2010\projects\engine\sdk\source\libvorbis-1.3.6\lib\lsp.c(275): warning C4244: =: преобразование "double" в "float", возможна потеря данных
     1>c:\users\vax\documents\visual studio 2010\projects\engine\sdk\source\libvorbis-1.3.6\lib\lsp.c(318): warning C4127: условное выражение является константой
     1>c:\users\vax\documents\visual studio 2010\projects\engine\sdk\source\libvorbis-1.3.6\lib\lsp.c(349): warning C4244: =: преобразование "double" в "float", возможна потеря данных
     1>c:\users\vax\documents\visual studio 2010\projects\engine\sdk\source\libvorbis-1.3.6\lib\lsp.c(396): warning C4244: =: преобразование "double" в "float", возможна потеря данных
     1>c:\users\vax\documents\visual studio 2010\projects\engine\sdk\source\libvorbis-1.3.6\lib\lsp.c(448): warning C4244: =: преобразование "double" в "float", возможна потеря данных
     1>c:\users\vax\documents\visual studio 2010\projects\engine\sdk\source\libvorbis-1.3.6\lib\lsp.c(451): warning C4244: =: преобразование "double" в "float", возможна потеря данных
         lpc.c
     1>c:\users\vax\documents\visual studio 2010\projects\engine\sdk\source\libvorbis-1.3.6\lib\lpc.c(129): warning C4244: return: преобразование "double" в "float", возможна потеря данных
         lookup.c
         info.c
     1>c:\users\vax\documents\visual studio 2010\projects\engine\sdk\source\libvorbis-1.3.6\lib\info.c(46): warning C4244: =: преобразование "long" в "char", возможна потеря данных
     1>c:\users\vax\documents\visual studio 2010\projects\engine\sdk\source\libvorbis-1.3.6\lib\info.c(61): warning C4996: 'strcpy': This function or variable may be unsafe. Consider using strcpy_s instead. To disable deprecation, use _CRT_SECURE_NO_WARNINGS. See online help for details.
                 e:\vs2010\vc\include\string.h(105): см. объявление "strcpy"
     1>c:\users\vax\documents\visual studio 2010\projects\engine\sdk\source\libvorbis-1.3.6\lib\info.c(69): warning C4996: 'strcpy': This function or variable may be unsafe. Consider using strcpy_s instead. To disable deprecation, use _CRT_SECURE_NO_WARNINGS. See online help for details.
                 e:\vs2010\vc\include\string.h(105): см. объявление "strcpy"
     1>c:\users\vax\documents\visual studio 2010\projects\engine\sdk\source\libvorbis-1.3.6\lib\info.c(70): warning C4996: 'strcat': This function or variable may be unsafe. Consider using strcat_s instead. To disable deprecation, use _CRT_SECURE_NO_WARNINGS. See online help for details.
                 e:\vs2010\vc\include\string.h(110): см. объявление "strcat"
     1>c:\users\vax\documents\visual studio 2010\projects\engine\sdk\source\libvorbis-1.3.6\lib\info.c(71): warning C4996: 'strcat': This function or variable may be unsafe. Consider using strcat_s instead. To disable deprecation, use _CRT_SECURE_NO_WARNINGS. See online help for details.
                 e:\vs2010\vc\include\string.h(110): см. объявление "strcat"
     1>c:\users\vax\documents\visual studio 2010\projects\engine\sdk\source\libvorbis-1.3.6\lib\info.c(94): warning C4996: 'strcpy': This function or variable may be unsafe. Consider using strcpy_s instead. To disable deprecation, use _CRT_SECURE_NO_WARNINGS. See online help for details.
                 e:\vs2010\vc\include\string.h(105): см. объявление "strcpy"
     1>c:\users\vax\documents\visual studio 2010\projects\engine\sdk\source\libvorbis-1.3.6\lib\info.c(95): warning C4996: 'strcat': This function or variable may be unsafe. Consider using strcat_s instead. To disable deprecation, use _CRT_SECURE_NO_WARNINGS. See online help for details.
                 e:\vs2010\vc\include\string.h(110): см. объявление "strcat"
     1>c:\users\vax\documents\visual studio 2010\projects\engine\sdk\source\libvorbis-1.3.6\lib\info.c(116): warning C4996: 'strcpy': This function or variable may be unsafe. Consider using strcpy_s instead. To disable deprecation, use _CRT_SECURE_NO_WARNINGS. See online help for details.
                 e:\vs2010\vc\include\string.h(105): см. объявление "strcpy"
     1>c:\users\vax\documents\visual studio 2010\projects\engine\sdk\source\libvorbis-1.3.6\lib\info.c(117): warning C4996: 'strcat': This function or variable may be unsafe. Consider using strcat_s instead. To disable deprecation, use _CRT_SECURE_NO_WARNINGS. See online help for details.
                 e:\vs2010\vc\include\string.h(110): см. объявление "strcat"
         floor1.c
     1>c:\users\vax\documents\visual studio 2010\projects\engine\sdk\source\libvorbis-1.3.6\lib\floor1.c(274): warning C4244: инициализация: преобразование "const float" в "int", возможна потеря данных
     1>c:\users\vax\documents\visual studio 2010\projects\engine\sdk\source\libvorbis-1.3.6\lib\floor1.c(498): warning C4244: =: преобразование "double" в "int", возможна потеря данных
     1>c:\users\vax\documents\visual studio 2010\projects\engine\sdk\source\libvorbis-1.3.6\lib\floor1.c(499): warning C4244: =: преобразование "double" в "int", возможна потеря данных
         floor0.c
     1>c:\users\vax\documents\visual studio 2010\projects\engine\sdk\source\libvorbis-1.3.6\lib\floor0.c(125): warning C4244: инициализация: преобразование "double" в "float", возможна потеря данных
     1>c:\users\vax\documents\visual studio 2010\projects\engine\sdk\source\libvorbis-1.3.6\lib\floor0.c(136): warning C4244: инициализация: преобразование "double" в "int", возможна потеря данных
         envelope.c
     1>c:\users\vax\documents\visual studio 2010\projects\engine\sdk\source\libvorbis-1.3.6\lib\envelope.c(47): warning C4244: =: преобразование "double" в "float", возможна потеря данных
     1>c:\users\vax\documents\visual studio 2010\projects\engine\sdk\source\libvorbis-1.3.6\lib\envelope.c(64): warning C4244: =: преобразование "double" в "float", возможна потеря данных
     1>c:\users\vax\documents\visual studio 2010\projects\engine\sdk\source\libvorbis-1.3.6\lib\envelope.c(67): warning C4244: =: преобразование "double" в "float", возможна потеря данных
     1>c:\users\vax\documents\visual studio 2010\projects\engine\sdk\source\libvorbis-1.3.6\lib\envelope.c(126): warning C4244: инициализация: преобразование "double" в "float", возможна потеря данных
     1>c:\users\vax\documents\visual studio 2010\projects\engine\sdk\source\libvorbis-1.3.6\lib\envelope.c(144): warning C4244: =: преобразование "double" в "float", возможна потеря данных
         codebook.c
     1>c:\users\vax\documents\visual studio 2010\projects\engine\sdk\source\libvorbis-1.3.6\lib\codebook.c(182): warning C4244: =: преобразование "long" в "char", возможна потеря данных
     1>c:\users\vax\documents\visual studio 2010\projects\engine\sdk\source\libvorbis-1.3.6\lib\codebook.c(191): warning C4244: =: преобразование "long" в "char", возможна потеря данных
     1>c:\users\vax\documents\visual studio 2010\projects\engine\sdk\source\libvorbis-1.3.6\lib\codebook.c(213): warning C4244: =: преобразование "long" в "char", возможна потеря данных
         block.c
     1>c:\users\vax\documents\visual studio 2010\projects\engine\sdk\source\libvorbis-1.3.6\lib\block.c(863): warning C4244: инициализация: преобразование "ogg_int64_t" в "long", возможна потеря данных
     1>c:\users\vax\documents\visual studio 2010\projects\engine\sdk\source\libvorbis-1.3.6\lib\block.c(901): warning C4244: инициализация: преобразование "ogg_int64_t" в "long", возможна потеря данных
         bitrate.c
     1>c:\users\vax\documents\visual studio 2010\projects\engine\sdk\source\libvorbis-1.3.6\lib\bitrate.c(41): warning C4244: =: преобразование "double" в "long", возможна потеря данных
     1>c:\users\vax\documents\visual studio 2010\projects\engine\sdk\source\libvorbis-1.3.6\lib\bitrate.c(42): warning C4244: =: преобразование "double" в "long", возможна потеря данных
     1>c:\users\vax\documents\visual studio 2010\projects\engine\sdk\source\libvorbis-1.3.6\lib\bitrate.c(43): warning C4244: =: преобразование "double" в "long", возможна потеря данных
     1>c:\users\vax\documents\visual studio 2010\projects\engine\sdk\source\libvorbis-1.3.6\lib\bitrate.c(50): warning C4244: инициализация: преобразование "double" в "long", возможна потеря данных
     1>c:\users\vax\documents\visual studio 2010\projects\engine\sdk\source\libvorbis-1.3.6\lib\bitrate.c(82): warning C4244: инициализация: преобразование "double" в "int", возможна потеря данных
     1>c:\users\vax\documents\visual studio 2010\projects\engine\sdk\source\libvorbis-1.3.6\lib\bitrate.c(87): warning C4244: инициализация: преобразование "double" в "long", возможна потеря данных
     1>c:\users\vax\documents\visual studio 2010\projects\engine\sdk\source\libvorbis-1.3.6\lib\bitrate.c(134): warning C4244: =: преобразование "double" в "int", возможна потеря данных
         Создание кода...
         Компиляция...
         analysis.c
         Создание кода...
     1>c:\users\vax\documents\visual studio 2010\projects\engine\sdk\source\libvorbis-1.3.6\lib\analysis.c(46): warning C4706: назначение в пределах условного выражения
       Lib:
         E:\VS2010\VC\bin\Lib.exe /OUT:"C:\Users\VAX\Documents\Visual Studio 2010\Projects\engine\SDK\source\libvorbis-1.3.6\win32\VS2010\Win32\Debug\libvorbis_static.lib" /NOLOGO Win32\Debug\analysis.obj
         Win32\Debug\bitrate.obj
         Win32\Debug\block.obj
         Win32\Debug\codebook.obj
         Win32\Debug\envelope.obj
         Win32\Debug\floor0.obj
         Win32\Debug\floor1.obj
         Win32\Debug\info.obj
         Win32\Debug\lookup.obj
         Win32\Debug\lpc.obj
         Win32\Debug\lsp.obj
         Win32\Debug\mapping0.obj
         Win32\Debug\mdct.obj
         Win32\Debug\psy.obj
         Win32\Debug\registry.obj
         Win32\Debug\res0.obj
         Win32\Debug\sharedbook.obj
         Win32\Debug\smallft.obj
         Win32\Debug\synthesis.obj
         Win32\Debug\vorbisenc.obj
         Win32\Debug\window.obj
         libvorbis_static.vcxproj -> C:\Users\VAX\Documents\Visual Studio 2010\Projects\engine\SDK\source\libvorbis-1.3.6\win32\VS2010\Win32\Debug\libvorbis_static.lib
       FinalizeBuildStatus:
         Файл "Win32\Debug\libvorbis_static.unsuccessfulbuild" удаляется.
         Обращение к "Win32\Debug\libvorbis_static.lastbuildstate".
     1>Построение проекта "C:\Users\VAX\Documents\Visual Studio 2010\Projects\engine\SDK\source\libvorbis-1.3.6\win32\VS2010\libvorbis\libvorbis_static.vcxproj" завершено (целевые объекты build).

Построение успешно завершено.

Затраченное время: 00:00:08.01
